[moi-audio@moi-audios-imac]CLOJURE/SOTNIKOV/WebDevWithClj 504 % lein new luminus guestbook +h2
Retrieving luminus/lein-template/2.9.10.74/lein-template-2.9.10.74.pom from clojars
Retrieving leinjacker/leinjacker/0.4.2/leinjacker-0.4.2.pom from clojars
Retrieving org/clojure/core.contracts/0.0.1/core.contracts-0.0.1.pom from central
Retrieving org/clojure/pom.contrib/0.0.26/pom.contrib-0.0.26.pom from central
Retrieving org/sonatype/oss/oss-parent/5/oss-parent-5.pom from central
Retrieving org/clojure/core.unify/0.5.3/core.unify-0.5.3.pom from central
Retrieving org/clojure/clojure/1.4.0/clojure-1.4.0.pom from central
Retrieving selmer/selmer/1.0.3/selmer-1.0.3.pom from clojars
Retrieving org/clojure/clojure/1.7.0/clojure-1.7.0.pom from central
Retrieving org/sonatype/oss/oss-parent/7/oss-parent-7.pom from central
Retrieving joda-time/joda-time/2.9.2/joda-time-2.9.2.pom from central
Retrieving commons-codec/commons-codec/1.10/commons-codec-1.10.pom from central
Retrieving org/apache/commons/commons-parent/35/commons-parent-35.pom from central
Retrieving org/apache/apache/15/apache-15.pom from central
Retrieving json-html/json-html/0.3.9/json-html-0.3.9.pom from clojars
Retrieving hiccup/hiccup/1.0.5/hiccup-1.0.5.pom from clojars
Retrieving org/clojure/clojure/1.2.1/clojure-1.2.1.pom from central
Retrieving hiccups/hiccups/0.3.0/hiccups-0.3.0.pom from clojars
Retrieving org/clojure/clojure/1.5.1/clojure-1.5.1.pom from central
Retrieving org/clojure/clojurescript/0.0-2069/clojurescript-0.0-2069.pom from central
Retrieving com/google/javascript/closure-compiler/v20130603/closure-compiler-v20130603.pom from central
Retrieving args4j/args4j/2.0.16/args4j-2.0.16.pom from central
Retrieving args4j/args4j-site/2.0.16/args4j-site-2.0.16.pom from central
Retrieving com/google/guava/guava/14.0.1/guava-14.0.1.pom from central
Retrieving com/google/guava/guava-parent/14.0.1/guava-parent-14.0.1.pom from central
Retrieving com/google/protobuf/protobuf-java/2.4.1/protobuf-java-2.4.1.pom from central
Retrieving com/google/google/1/google-1.pom from central
Retrieving org/json/json/20090211/json-20090211.pom from central
Retrieving com/google/code/findbugs/jsr305/1.3.9/jsr305-1.3.9.pom from central
Retrieving org/clojure/google-closure-library/0.0-20130212-95c19e7f0f5f/google-closure-library-0.0-20130212-95c19e7f0f5f.pom from central
Retrieving org/clojure/google-closure-library-third-party/0.0-20130212-95c19e7f0f5f/google-closure-library-third-party-0.0-20130212-95c19e7f0f5f.pom from central
Retrieving org/clojure/data.json/0.2.3/data.json-0.2.3.pom from central
Retrieving org/clojure/pom.contrib/0.1.2/pom.contrib-0.1.2.pom from central
Retrieving org/mozilla/rhino/1.7R4/rhino-1.7R4.pom from central
Retrieving org/clojure/tools.reader/0.8.0/tools.reader-0.8.0.pom from central
Retrieving cheshire/cheshire/5.3.1/cheshire-5.3.1.pom from clojars
Retrieving com/fasterxml/jackson/core/jackson-core/2.3.1/jackson-core-2.3.1.pom from central
Retrieving com/fasterxml/oss-parent/12/oss-parent-12.pom from central
Retrieving com/fasterxml/jackson/dataformat/jackson-dataformat-smile/2.3.1/jackson-dataformat-smile-2.3.1.pom from central
Retrieving tigris/tigris/0.1.1/tigris-0.1.1.pom from clojars
Retrieving cheshire/cheshire/5.5.0/cheshire-5.5.0.pom from clojars
Retrieving com/fasterxml/jackson/core/jackson-core/2.5.3/jackson-core-2.5.3.pom from central
Retrieving com/fasterxml/jackson/jackson-parent/2.5.1/jackson-parent-2.5.1.pom from central
Retrieving com/fasterxml/oss-parent/19/oss-parent-19.pom from central
Retrieving com/fasterxml/jackson/dataformat/jackson-dataformat-smile/2.5.3/jackson-dataformat-smile-2.5.3.pom from central
Retrieving com/fasterxml/jackson/dataformat/jackson-dataformat-cbor/2.5.3/jackson-dataformat-cbor-2.5.3.pom from central
Retrieving org/clojure/core.contracts/0.0.1/core.contracts-0.0.1.jar from central
Retrieving org/clojure/core.unify/0.5.3/core.unify-0.5.3.jar from central
Retrieving commons-codec/commons-codec/1.10/commons-codec-1.10.jar from central
Retrieving joda-time/joda-time/2.9.2/joda-time-2.9.2.jar from central
Retrieving org/clojure/clojure/1.7.0/clojure-1.7.0.jar from central
Retrieving org/clojure/clojurescript/0.0-2069/clojurescript-0.0-2069.jar from central
Retrieving args4j/args4j/2.0.16/args4j-2.0.16.jar from central
Retrieving com/google/javascript/closure-compiler/v20130603/closure-compiler-v20130603.jar from central
Retrieving com/google/guava/guava/14.0.1/guava-14.0.1.jar from central
Retrieving com/google/protobuf/protobuf-java/2.4.1/protobuf-java-2.4.1.jar from central
Retrieving org/json/json/20090211/json-20090211.jar from central
Retrieving com/google/code/findbugs/jsr305/1.3.9/jsr305-1.3.9.jar from central
Retrieving org/clojure/google-closure-library-third-party/0.0-20130212-95c19e7f0f5f/google-closure-library-third-party-0.0-20130212-95c19e7f0f5f.jar from central
Retrieving org/clojure/google-closure-library/0.0-20130212-95c19e7f0f5f/google-closure-library-0.0-20130212-95c19e7f0f5f.jar from central
Retrieving org/clojure/data.json/0.2.3/data.json-0.2.3.jar from central
Retrieving org/mozilla/rhino/1.7R4/rhino-1.7R4.jar from central
Retrieving org/clojure/tools.reader/0.8.0/tools.reader-0.8.0.jar from central
Retrieving com/fasterxml/jackson/core/jackson-core/2.5.3/jackson-core-2.5.3.jar from central
Retrieving com/fasterxml/jackson/dataformat/jackson-dataformat-smile/2.5.3/jackson-dataformat-smile-2.5.3.jar from central
Retrieving com/fasterxml/jackson/dataformat/jackson-dataformat-cbor/2.5.3/jackson-dataformat-cbor-2.5.3.jar from central
Retrieving hiccup/hiccup/1.0.5/hiccup-1.0.5.jar from clojars
Retrieving hiccups/hiccups/0.3.0/hiccups-0.3.0.jar from clojars
Retrieving leinjacker/leinjacker/0.4.2/leinjacker-0.4.2.jar from clojars
Retrieving json-html/json-html/0.3.9/json-html-0.3.9.jar from clojars
Retrieving tigris/tigris/0.1.1/tigris-0.1.1.jar from clojars
Retrieving luminus/lein-template/2.9.10.74/lein-template-2.9.10.74.jar from clojars
Retrieving cheshire/cheshire/5.5.0/cheshire-5.5.0.jar from clojars
Retrieving selmer/selmer/1.0.3/selmer-1.0.3.jar from clojars
Generating a Luminus project.
[moi-audio@moi-audios-imac]CLOJURE/SOTNIKOV/WebDevWithClj 505 % 
